app/build/intermediates/manifest_merge_blame_file/debug/manifest-merger-blame-debug-report.txt
1<?xml version="1.0" encoding="utf-8"?>
2<manifest xmlns:android="http://schemas.android.com/apk/res/android"
3    package="com.example.afinal"
4    android:versionCode="1"
5    android:versionName="1.0" >
6
7    <uses-sdk
8        android:minSdkVersion="16"
8-->src\main\AndroidManifest.xml
9        android:targetSdkVersion="29" />
9-->src\main\AndroidManifest.xml
10
11    <uses-permission android:name="android.permission.ACCESS_NETWORK_STATE" />
11-->[com.google.firebase:firebase-database:16.0.4] AndroidManifest.xml:22:5-79
11-->[com.google.firebase:firebase-database:16.0.4] AndroidManifest.xml:22:22-76
12    <uses-permission android:name="android.permission.INTERNET" />
12-->[com.google.firebase:firebase-database:16.0.4] AndroidManifest.xml:23:5-67
12-->[com.google.firebase:firebase-database:16.0.4] AndroidManifest.xml:23:22-64
13
14    <application
14-->src\main\AndroidManifest.xml:6:5-26:19
15        android:allowBackup="true"
15-->src\main\AndroidManifest.xml:7:9-35
16        android:appComponentFactory="androidx.core.app.CoreComponentFactory"
16-->[androidx.core:core:1.3.0] AndroidManifest.xml:24:18-86
17        android:debuggable="true"
18        android:icon="@mipmap/ic_launcher"
18-->src\main\AndroidManifest.xml:8:9-43
19        android:label="@string/app_name"
19-->src\main\AndroidManifest.xml:9:9-41
20        android:roundIcon="@mipmap/ic_launcher_round"
20-->src\main\AndroidManifest.xml:10:9-54
21        android:supportsRtl="true"
21-->src\main\AndroidManifest.xml:11:9-35
22        android:testOnly="true"
23        android:theme="@style/AppTheme" >
23-->src\main\AndroidManifest.xml:12:9-40
24        <activity android:name="com.example.afinal.components.ProfilePage" />
24-->src\main\AndroidManifest.xml:13:9-60
24-->src\main\AndroidManifest.xml:13:19-57
25        <activity android:name="com.example.afinal.auth.SignUpActivity" />
25-->src\main\AndroidManifest.xml:14:9-57
25-->src\main\AndroidManifest.xml:14:19-54
26        <activity android:name="com.example.afinal.MainActivity" />
26-->src\main\AndroidManifest.xml:15:9-50
26-->src\main\AndroidManifest.xml:15:19-47
27        <activity android:name="com.example.afinal.components.NewCreditCard" />
27-->src\main\AndroidManifest.xml:16:9-62
27-->src\main\AndroidManifest.xml:16:19-59
28        <activity
28-->src\main\AndroidManifest.xml:17:9-25:20
29            android:name="com.example.afinal.auth.LoginActivity"
29-->src\main\AndroidManifest.xml:18:13-47
30            android:label="@string/app_name" >
30-->src\main\AndroidManifest.xml:19:13-45
31            <intent-filter>
31-->src\main\AndroidManifest.xml:20:13-24:29
32                <action android:name="android.intent.action.MAIN" />
32-->src\main\AndroidManifest.xml:21:17-69
32-->src\main\AndroidManifest.xml:21:25-66
33
34                <category android:name="android.intent.category.LAUNCHER" />
34-->src\main\AndroidManifest.xml:23:17-77
34-->src\main\AndroidManifest.xml:23:27-74
35            </intent-filter>
36        </activity>
37        <activity
37-->[com.google.firebase:firebase-auth:16.0.5] AndroidManifest.xml:24:9-31:50
38            android:name="com.google.firebase.auth.internal.FederatedSignInActivity"
38-->[com.google.firebase:firebase-auth:16.0.5] AndroidManifest.xml:25:13-85
39            android:excludeFromRecents="true"
39-->[com.google.firebase:firebase-auth:16.0.5] AndroidManifest.xml:26:13-46
40            android:exported="true"
40-->[com.google.firebase:firebase-auth:16.0.5] AndroidManifest.xml:27:13-36
41            android:launchMode="singleTask"
41-->[com.google.firebase:firebase-auth:16.0.5] AndroidManifest.xml:28:13-44
42            android:permission="com.google.firebase.auth.api.gms.permission.LAUNCH_FEDERATED_SIGN_IN"
42-->[com.google.firebase:firebase-auth:16.0.5] AndroidManifest.xml:29:13-102
43            android:theme="@android:style/Theme.Translucent.NoTitleBar" />
43-->[com.google.firebase:firebase-auth:16.0.5] AndroidManifest.xml:30:13-72
44
45        <service
45-->[com.google.firebase:firebase-auth:16.0.5] AndroidManifest.xml:33:9-39:19
46            android:name="com.google.firebase.components.ComponentDiscoveryService"
46-->[com.google.firebase:firebase-auth:16.0.5] AndroidManifest.xml:34:13-84
47            android:exported="false" >
47-->[com.google.firebase:firebase-auth:16.0.5] AndroidManifest.xml:35:13-37
48            <meta-data
48-->[com.google.firebase:firebase-auth:16.0.5] AndroidManifest.xml:36:13-38:85
49                android:name="com.google.firebase.components:com.google.firebase.auth.FirebaseAuthRegistrar"
49-->[com.google.firebase:firebase-auth:16.0.5] AndroidManifest.xml:37:17-109
50                android:value="com.google.firebase.components.ComponentRegistrar" />
50-->[com.google.firebase:firebase-auth:16.0.5] AndroidManifest.xml:38:17-82
51        </service>
52
53        <activity
53-->[com.google.android.gms:play-services-base:16.0.1] AndroidManifest.xml:23:9-26:75
54            android:name="com.google.android.gms.common.api.GoogleApiActivity"
54-->[com.google.android.gms:play-services-base:16.0.1] AndroidManifest.xml:24:13-79
55            android:exported="false"
55-->[com.google.android.gms:play-services-base:16.0.1] AndroidManifest.xml:25:13-37
56            android:theme="@android:style/Theme.Translucent.NoTitleBar" />
56-->[com.google.android.gms:play-services-base:16.0.1] AndroidManifest.xml:26:13-72
57
58        <provider
58-->[com.google.firebase:firebase-common:16.0.3] AndroidManifest.xml:10:9-14:39
59            android:name="com.google.firebase.provider.FirebaseInitProvider"
59-->[com.google.firebase:firebase-common:16.0.3] AndroidManifest.xml:11:13-77
60            android:authorities="com.example.afinal.firebaseinitprovider"
60-->[com.google.firebase:firebase-common:16.0.3] AndroidManifest.xml:12:13-72
61            android:exported="false"
61-->[com.google.firebase:firebase-common:16.0.3] AndroidManifest.xml:13:13-37
62            android:initOrder="100" />
62-->[com.google.firebase:firebase-common:16.0.3] AndroidManifest.xml:14:13-36
63
64        <meta-data
64-->[com.google.android.gms:play-services-basement:16.1.0] AndroidManifest.xml:23:9-25:69
65            android:name="com.google.android.gms.version"
65-->[com.google.android.gms:play-services-basement:16.1.0] AndroidManifest.xml:24:13-58
66            android:value="@integer/google_play_services_version" />
66-->[com.google.android.gms:play-services-basement:16.1.0] AndroidManifest.xml:25:13-66
67
68        <provider
68-->[androidx.lifecycle:lifecycle-process:2.1.0] AndroidManifest.xml:23:9-27:43
69            android:name="androidx.lifecycle.ProcessLifecycleOwnerInitializer"
69-->[androidx.lifecycle:lifecycle-process:2.1.0] AndroidManifest.xml:24:13-79
70            android:authorities="com.example.afinal.lifecycle-process"
70-->[androidx.lifecycle:lifecycle-process:2.1.0] AndroidManifest.xml:25:13-69
71            android:exported="false"
71-->[androidx.lifecycle:lifecycle-process:2.1.0] AndroidManifest.xml:26:13-37
72            android:multiprocess="true" />
72-->[androidx.lifecycle:lifecycle-process:2.1.0] AndroidManifest.xml:27:13-40
73    </application>
74
75</manifest>